2024-12-06 15:12:29.243 [info] Extension host with pid 49120 started
2024-12-06 15:12:29.251 [info] ExtensionService#_doActivateExtension vscode.emmet, startup: false, activationEvent: 'onLanguage'
2024-12-06 15:12:30.253 [info] ExtensionService#_doActivateExtension vscode.git-base, startup: true, activationEvent: '*', root cause: vscode.git
2024-12-06 15:12:30.254 [info] ExtensionService#_doActivateExtension illixion.vscode-vibrancy-continued, startup: true, activationEvent: '*'
2024-12-06 15:12:31.042 [info] ExtensionService#_doActivateExtension vscode.git, startup: true, activationEvent: '*'
2024-12-06 15:12:31.042 [info] ExtensionService#_doActivateExtension vscode.github, startup: true, activationEvent: '*'
2024-12-06 15:12:31.342 [info] Eager extensions activated
2024-12-06 15:12:31.357 [info] ExtensionService#_doActivateExtension vscode.debug-auto-launch, startup: false, activationEvent: 'onStartupFinished'
2024-12-06 15:12:31.358 [info] ExtensionService#_doActivateExtension vscode.merge-conflict, startup: false, activationEvent: 'onStartupFinished'
2024-12-06 15:12:55.683 [error] Error: unsupported
	at Install (/home/sparrow/.vscode/extensions/illixion.vscode-vibrancy-continued-1.1.41/extension/index.js:483:13)
	at Update (/home/sparrow/.vscode/extensions/illixion.vscode-vibrancy-continued-1.1.41/extension/index.js:542:11)
	at async /home/sparrow/.vscode/extensions/illixion.vscode-vibrancy-continued-1.1.41/extension/index.js:554:5
	at async Y0.h (file:///opt/visual-studio-code/resources/app/out/vs/workbench/api/node/extensionHostProcess.js:114:32825) extension.updateVibrancy {"value":"illixion.vscode-vibrancy-continued","_lower":"illixion.vscode-vibrancy-continued"}
2024-12-06 15:15:29.117 [error] Error: unsupported
	at Install (/home/sparrow/.vscode/extensions/illixion.vscode-vibrancy-continued-1.1.41/extension/index.js:483:13)
	at Update (/home/sparrow/.vscode/extensions/illixion.vscode-vibrancy-continued-1.1.41/extension/index.js:542:11)
	at async /home/sparrow/.vscode/extensions/illixion.vscode-vibrancy-continued-1.1.41/extension/index.js:554:5
	at async Y0.h (file:///opt/visual-studio-code/resources/app/out/vs/workbench/api/node/extensionHostProcess.js:114:32825) extension.updateVibrancy {"value":"illixion.vscode-vibrancy-continued","_lower":"illixion.vscode-vibrancy-continued"}
2024-12-06 15:17:19.311 [info] Extension host terminating: renderer closed the MessagePort
2024-12-06 15:17:19.326 [info] Extension host with pid 49120 exiting with code 0
