2024-12-06 14:57:07.833 [info] Started local extension host with pid 37689.
2024-12-06 14:57:07.864 [info] Started initializing default profile extensions in extensions installation folder. file:///home/sparrow/.vscode/extensions
2024-12-06 14:57:08.009 [info] Completed initializing default profile extensions in extensions installation folder. file:///home/sparrow/.vscode/extensions
2024-12-06 14:57:08.202 [info] Settings Sync: Updating due to initialize
2024-12-06 14:57:08.202 [info] Settings Sync: Updating authentication providers. Authentication Providers from store: [{"id":"github","scopes":["user:email"]},{"id":"microsoft","scopes":["openid","profile","email","offline_access"]}]
2024-12-06 14:57:08.202 [info] Settings Sync: Authentication providers updated []
2024-12-06 14:57:08.747 [info] Settings Sync: Updating authentication providers. Authentication Providers from store: [{"id":"github","scopes":["user:email"]},{"id":"microsoft","scopes":["openid","profile","email","offline_access"]}]
2024-12-06 14:57:08.750 [info] Settings Sync: Authentication providers updated ["github"]
2024-12-06 14:57:08.750 [info] Settings Sync: Updating authentication providers. Authentication Providers from store: [{"id":"github","scopes":["user:email"]},{"id":"microsoft","scopes":["openid","profile","email","offline_access"]}]
2024-12-06 14:57:08.750 [info] Settings Sync: Authentication providers updated ["github"]
2024-12-06 14:57:08.751 [info] Settings Sync: Updating authentication providers. Authentication Providers from store: [{"id":"github","scopes":["user:email"]},{"id":"microsoft","scopes":["openid","profile","email","offline_access"]}]
2024-12-06 14:57:08.751 [info] Settings Sync: Authentication providers updated ["github","microsoft"]
2024-12-06 14:57:08.751 [info] Settings Sync: Updating authentication providers. Authentication Providers from store: [{"id":"github","scopes":["user:email"]},{"id":"microsoft","scopes":["openid","profile","email","offline_access"]}]
2024-12-06 14:57:08.751 [info] Settings Sync: Authentication providers updated ["github","microsoft"]
2024-12-06 14:57:08.786 [info] Settings Sync: Updating due to declared authentication providers changed
2024-12-06 14:57:08.786 [info] Settings Sync: Updating authentication providers. Authentication Providers from store: [{"id":"github","scopes":["user:email"]},{"id":"microsoft","scopes":["openid","profile","email","offline_access"]}]
2024-12-06 14:57:08.786 [info] Settings Sync: Authentication providers updated ["github","microsoft"]
2024-12-06 14:57:08.786 [info] Settings Sync: Updating due to declared authentication providers changed
2024-12-06 14:57:08.786 [info] Settings Sync: Updating authentication providers. Authentication Providers from store: [{"id":"github","scopes":["user:email"]},{"id":"microsoft","scopes":["openid","profile","email","offline_access"]}]
2024-12-06 14:57:08.786 [info] Settings Sync: Authentication providers updated ["github","microsoft"]
2024-12-06 14:57:10.728 [info] [perf] Render performance baseline is 24ms
2024-12-06 14:58:15.673 [error] [network] #7: https://marketplace.visualstudio.com/_apis/public/gallery/extensionquery - error POST Canceled
