2024-12-06 14:57:07.800 [info] Added views:outline in workbench.view.explorer
2024-12-06 14:57:07.801 [info] Added views:workbench.view.search in workbench.view.search
2024-12-06 14:57:07.801 [info] Added views:workbench.scm in workbench.view.scm
2024-12-06 14:57:07.801 [info] Added views:workbench.panel.markers.view in workbench.panel.markers
2024-12-06 14:57:07.801 [info] Added views:workbench.panel.output in workbench.panel.output
2024-12-06 14:57:07.801 [info] Added views:terminal in terminal
2024-12-06 14:57:07.801 [info] Added views:timeline in workbench.view.explorer
2024-12-06 14:57:07.801 [info] Added views:workbench.explorer.emptyView in workbench.view.explorer
2024-12-06 14:57:08.160 [info] Added views:workbench.debug.variablesView,workbench.debug.watchExpressionsView,workbench.debug.callStackView,workbench.debug.breakPointsView in workbench.view.debug
2024-12-06 14:57:08.196 [info] Added views:~remote.forwardedPorts in ~remote.forwardedPortsContainer
2024-12-06 14:57:08.629 [info] Added views:workbench.panel.repl.view in workbench.panel.repl
2024-12-06 14:57:08.630 [info] Removed views:workbench.debug.breakPointsView,workbench.debug.callStackView,workbench.debug.watchExpressionsView,workbench.debug.variablesView from workbench.view.debug
2024-12-06 14:57:08.630 [info] Added views:workbench.debug.welcome in workbench.view.debug
2024-12-06 14:58:05.187 [info] Added views:workbench.views.extensions.installed,workbench.views.extensions.popular,extensions.recommendedList in workbench.view.extensions
2024-12-06 14:58:05.187 [info] Removed views:workbench.views.extensions.popular from workbench.view.extensions
2024-12-06 14:58:05.333 [info] Added views:workbench.views.extensions.popular in workbench.view.extensions
2024-12-06 14:58:14.435 [info] Removed views:extensions.recommendedList,workbench.views.extensions.popular,workbench.views.extensions.installed from workbench.view.extensions
2024-12-06 14:58:14.441 [info] Added views:workbench.views.extensions.marketplace in workbench.view.extensions
2024-12-06 14:59:31.386 [info] Removed views:workbench.views.extensions.marketplace from workbench.view.extensions
2024-12-06 14:59:31.399 [info] Added views:workbench.views.extensions.installed,workbench.views.extensions.popular,extensions.recommendedList in workbench.view.extensions
