2024-12-06 15:12:30.892 [info] Deleted uninstalled extension from disk s-nlf-fh.glassit /home/sparrow/.vscode/extensions/s-nlf-fh.glassit-0.2.6
2024-12-06 15:13:46.951 [info] Uninstalling extension from the profile: illixion.vscode-vibrancy-continued@1.1.41 vscode-userdata:/home/sparrow/.vscode/extensions/extensions.json
2024-12-06 15:13:46.987 [info] Marked extension as uninstalled illixion.vscode-vibrancy-continued-1.1.41
2024-12-06 15:13:47.047 [error] [uncaught exception in sharedProcess]: Error: ENOENT: no such file or directory, stat '/home/sparrow/.vscode/extensions/extensions.json.vsctmp': EntryNotFound (FileSystemError): Error: ENOENT: no such file or directory, stat '/home/sparrow/.vscode/extensions/extensions.json.vsctmp'
    at hm.create (file:///opt/visual-studio-code/resources/app/out/vs/code/electron-utility/sharedProcess/sharedProcessMain.js:35:39254)
    at Es (file:///opt/visual-studio-code/resources/app/out/vs/code/electron-utility/sharedProcess/sharedProcessMain.js:35:39361)
    at Fr.ib (file:///opt/visual-studio-code/resources/app/out/vs/code/electron-utility/sharedProcess/sharedProcessMain.js:71:22677)
    at Fr.stat (file:///opt/visual-studio-code/resources/app/out/vs/code/electron-utility/sharedProcess/sharedProcessMain.js:71:16010)
    at async Zl.stat (file:///opt/visual-studio-code/resources/app/out/vs/code/electron-utility/sharedProcess/sharedProcessMain.js:70:84491)
    at async Jl.yb (file:///opt/visual-studio-code/resources/app/out/vs/code/electron-utility/sharedProcess/sharedProcessMain.js:70:66605)
2024-12-06 15:13:47.907 [info] Successfully uninstalled extension from the profile illixion.vscode-vibrancy-continued@1.1.41 vscode-userdata:/home/sparrow/.vscode/extensions/extensions.json
2024-12-06 15:13:52.551 [info] Getting Manifest... illixion.vscode-vibrancy-continued
2024-12-06 15:13:53.040 [info] Installing extension: illixion.vscode-vibrancy-continued {"isMachineScoped":false,"installPreReleaseVersion":false,"pinned":false,"productVersion":{"version":"1.95.3","date":"2024-11-13T14:50:04.152Z"},"operation":3,"isApplicationScoped":false,"profileLocation":{"$mid":1,"external":"vscode-userdata:/home/sparrow/.vscode/extensions/extensions.json","path":"/home/sparrow/.vscode/extensions/extensions.json","scheme":"vscode-userdata"},"installOnlyNewlyAddedFromExtensionPack":true}
2024-12-06 15:13:53.090 [info] Removed the extension from uninstalled list: illixion.vscode-vibrancy-continued
2024-12-06 15:13:53.120 [info] Extension installed successfully: illixion.vscode-vibrancy-continued vscode-userdata:/home/sparrow/.vscode/extensions/extensions.json
2024-12-06 15:13:53.175 [error] [uncaught exception in sharedProcess]: Error: ENOENT: no such file or directory, stat '/home/sparrow/.vscode/extensions/extensions.json.vsctmp': EntryNotFound (FileSystemError): Error: ENOENT: no such file or directory, stat '/home/sparrow/.vscode/extensions/extensions.json.vsctmp'
    at hm.create (file:///opt/visual-studio-code/resources/app/out/vs/code/electron-utility/sharedProcess/sharedProcessMain.js:35:39254)
    at Es (file:///opt/visual-studio-code/resources/app/out/vs/code/electron-utility/sharedProcess/sharedProcessMain.js:35:39361)
    at Fr.ib (file:///opt/visual-studio-code/resources/app/out/vs/code/electron-utility/sharedProcess/sharedProcessMain.js:71:22677)
    at Fr.stat (file:///opt/visual-studio-code/resources/app/out/vs/code/electron-utility/sharedProcess/sharedProcessMain.js:71:16010)
    at async Zl.stat (file:///opt/visual-studio-code/resources/app/out/vs/code/electron-utility/sharedProcess/sharedProcessMain.js:70:84491)
    at async Jl.yb (file:///opt/visual-studio-code/resources/app/out/vs/code/electron-utility/sharedProcess/sharedProcessMain.js:70:66605)
2024-12-06 15:17:10.071 [info] Uninstalling extension from the profile: illixion.vscode-vibrancy-continued@1.1.41 vscode-userdata:/home/sparrow/.vscode/extensions/extensions.json
2024-12-06 15:17:10.102 [info] Marked extension as uninstalled illixion.vscode-vibrancy-continued-1.1.41
2024-12-06 15:17:10.159 [error] [uncaught exception in sharedProcess]: Error: ENOENT: no such file or directory, stat '/home/sparrow/.vscode/extensions/extensions.json.vsctmp': EntryNotFound (FileSystemError): Error: ENOENT: no such file or directory, stat '/home/sparrow/.vscode/extensions/extensions.json.vsctmp'
    at hm.create (file:///opt/visual-studio-code/resources/app/out/vs/code/electron-utility/sharedProcess/sharedProcessMain.js:35:39254)
    at Es (file:///opt/visual-studio-code/resources/app/out/vs/code/electron-utility/sharedProcess/sharedProcessMain.js:35:39361)
    at Fr.ib (file:///opt/visual-studio-code/resources/app/out/vs/code/electron-utility/sharedProcess/sharedProcessMain.js:71:22677)
    at Fr.stat (file:///opt/visual-studio-code/resources/app/out/vs/code/electron-utility/sharedProcess/sharedProcessMain.js:71:16010)
    at async Zl.stat (file:///opt/visual-studio-code/resources/app/out/vs/code/electron-utility/sharedProcess/sharedProcessMain.js:70:84491)
    at async Jl.yb (file:///opt/visual-studio-code/resources/app/out/vs/code/electron-utility/sharedProcess/sharedProcessMain.js:70:66605)
2024-12-06 15:17:10.751 [info] Successfully uninstalled extension from the profile illixion.vscode-vibrancy-continued@1.1.41 vscode-userdata:/home/sparrow/.vscode/extensions/extensions.json
