Handbrake Version: 1.8.2 (2024081100)
[23:37:55] gtkgui: Preset: /General/Fast 1080p30
[23:37:55] Starting work at: Wed Nov  6 23:37:55 2024

[23:37:55] 1 job(s) to process
[23:37:55] json job:
{
    "Audio": {
        "AudioList": [],
        "CopyMask": [],
        "FallbackEncoder": 0
    },
    "Destination": {
        "AlignAVStart": true,
        "ChapterList": [
            {
                "Duration": {
                    "Hours": 0,
                    "Minutes": 0,
                    "Seconds": 26,
                    "Ticks": 2403000
                },
                "Name": ""
            }
        ],
        "ChapterMarkers": false,
        "File": "/home/sparrow/mylivewallpapers-com-Yae-Miko-Sleeping-4K.mp4",
        "InlineParameterSets": false,
        "Mux": "m4v",
        "Options": {
            "IpodAtom": false,
            "Optimize": false
        }
    },
    "Filters": {
        "FilterList": [
            {
                "ID": 4,
                "Settings": {
                    "block-height": "16",
                    "block-thresh": "40",
                    "block-width": "16",
                    "filter-mode": "2",
                    "mode": "3",
                    "motion-thresh": "1",
                    "spatial-metric": "2",
                    "spatial-thresh": "1"
                }
            },
            {
                "ID": 6,
                "Settings": {
                    "mode": "7"
                }
            },
            {
                "ID": 11,
                "Settings": {
                    "mode": 2,
                    "rate": "27000000/900000"
                }
            },
            {
                "ID": 20,
                "Settings": {
                    "crop-bottom": 0,
                    "crop-left": 0,
                    "crop-right": 2,
                    "crop-top": 0,
                    "height": 1080,
                    "width": 1920
                }
            }
        ]
    },
    "Metadata": {},
    "PAR": {
        "Den": 1920,
        "Num": 1919
    },
    "SequenceID": 0,
    "Source": {
        "Angle": 0,
        "HWDecode": 0,
        "Path": "/home/sparrow/Downloads/mylivewallpapers-com-Yae-Miko-Sleeping-4K.mp4",
        "Range": {
            "End": 1,
            "Start": 1,
            "Type": "chapter"
        },
        "Title": 1
    },
    "Subtitle": {
        "Search": {
            "Burn": true,
            "Default": false,
            "Enable": false,
            "Forced": false
        },
        "SubtitleList": []
    },
    "Video": {
        "ChromaLocation": 1,
        "ColorInputFormat": 0,
        "ColorMatrix": 1,
        "ColorOutputFormat": 0,
        "ColorPrimaries": 1,
        "ColorRange": 1,
        "ColorTransfer": 1,
        "Encoder": "x264",
        "HardwareDecode": 0,
        "Level": "4.0",
        "MultiPass": false,
        "Options": "",
        "Preset": "fast",
        "Profile": "main",
        "QSV": {
            "AdapterIndex": 0,
            "AsyncDepth": 0,
            "Decode": false
        },
        "Quality": 22.0,
        "Tune": "",
        "Turbo": false
    }
}
[23:37:55] CPU: 12th Gen Intel(R) Core(TM) i5-12500H
[23:37:55]  - Intel microarchitecture Alder Lake performance hybrid architecture
[23:37:55]  - logical processor count: 16
[23:37:55] Intel Quick Sync Video support: no
[23:37:55] hb_scan: path=/home/sparrow/Downloads/mylivewallpapers-com-Yae-Miko-Sleeping-4K.mp4, title_index=1
Input #0, mov,mp4,m4a,3gp,3g2,mj2, from '/home/sparrow/Downloads/mylivewallpapers-com-Yae-Miko-Sleeping-4K.mp4':
  Metadata:
    major_brand     : mp42
    minor_version   : 512
    compatible_brands: mp42iso2avc1mp41
    creation_time   : 2024-03-20T06:11:10.000000Z
    encoder         : HandBrake 1.7.1 2023112200
  Duration: 00:00:26.70, start: 0.000000, bitrate: 4499 kb/s
  Stream #0:0[0x1](und): Video: h264 (High) (avc1 / 0x31637661), yuv420p(tv, bt709, progressive), 3840x2160 [SAR 1:1 DAR 16:9], 4496 kb/s, 60 fps, 60 tbr, 90k tbn (default)
      Metadata:
        creation_time   : 2024-03-20T06:11:10.000000Z
        handler_name    : VideoHandler
        vendor_id       : [0][0][0][0]
[23:37:55] scan: decoding previews for title 1
[23:37:56] using container PAR 1:1
[23:37:56] scan: 10 previews, 3840x2160, 60.000 fps, autocrop = 0/0/0/2, aspect 16:9, PAR 1:1, color profile: 1-1-1, chroma location: left
[23:37:56] libhb: scan thread found 1 valid title(s)
[23:37:56] Starting Task: Encoding Pass
[23:37:56] job configuration:
[23:37:56]  * source
[23:37:56]    + /home/sparrow/Downloads/mylivewallpapers-com-Yae-Miko-Sleeping-4K.mp4
[23:37:56]    + title 1, chapter(s) 1 to 1
[23:37:56]    + container: mov,mp4,m4a,3gp,3g2,mj2
[23:37:56]    + data rate: 4499 kbps
[23:37:56]  * destination
[23:37:56]    + /home/sparrow/mylivewallpapers-com-Yae-Miko-Sleeping-4K.mp4
[23:37:56]    + container: MPEG-4 (libavformat)
[23:37:56]      + align initial A/V stream timestamps
[23:37:56]  * video track
[23:37:56]    + decoder: h264 8-bit (yuv420p)
[23:37:56]      + bitrate 4496 kbps
[23:37:56]    + filters
[23:37:56]      + Comb Detect (mode=3:spatial-metric=2:motion-thresh=1:spatial-thresh=1:filter-mode=2:block-thresh=40:block-width=16:block-height=16)
[23:37:56]      + Decomb (mode=39)
[23:37:56]      + Framerate Shaper (mode=2:rate=27000000/900000)
[23:37:56]        + frame rate: 60.000 fps -> peak rate limited to 30.000 fps
[23:37:56]      + Crop and Scale (width=1920:height=1080:crop-top=0:crop-bottom=0:crop-left=0:crop-right=2)
[23:37:56]        + source: 3840 * 2160, crop (0/0/0/2): 3838 * 2160, scale: 1920 * 1080
[23:37:56]    + Output geometry
[23:37:56]      + storage dimensions: 1920 x 1080
[23:37:56]      + pixel aspect ratio: 1919 : 1920
[23:37:56]      + display dimensions: 1919 x 1080
[23:37:56]    + encoder: H.264 (libx264)
[23:37:56]      + preset:  fast
[23:37:56]      + profile: main
[23:37:56]      + level:   4.0
[23:37:56]      + quality: 22.00 (RF)
[23:37:56]      + color profile: 1-1-1
[23:37:56]      + color range: tv
[23:37:56]      + chroma location: left
[23:37:56] sync: expecting 1602 video frames
[23:37:56] encx264: min-keyint: 30, keyint: 300
[23:37:56] encx264: encoding at constant RF 22.000000
[23:37:56] encx264: unparsed options: level=4.0:ref=2:8x8dct=0:weightp=1:subme=6:vbv-bufsize=25000:vbv-maxrate=20000:rc-lookahead=30
x264 [info]: using SAR=1919/1920
x264 [info]: using cpu capabilities: MMX2 SSE2Fast SSSE3 SSE4.2 AVX FMA3 BMI2 AVX2
x264 [info]: profile Main, level 4.0, 4:2:0, 8-bit
[23:37:56] sync: first pts video is 0
[23:37:56] sync: Chapter 1 at frame 1 time 0

(fr.handbrake.ghb:11570): Gdk-WARNING **: 23:37:57.065: Vulkan: Loader Message: setup_loader_term_phys_devs:  Failed to detect any valid GPUs in the current config

(fr.handbrake.ghb:11570): Gdk-WARNING **: 23:37:57.065: vkEnumeratePhysicalDevices(): Initialization of an object could not be completed for implementation-specific reasons. (VK_ERROR_INITIALIZATION_FAILED) (-3)

(fr.handbrake.ghb:11570): Gdk-WARNING **: 23:37:57.129: Vulkan: Loader Message: setup_loader_term_phys_devs:  Failed to detect any valid GPUs in the current config

(fr.handbrake.ghb:11570): Gdk-WARNING **: 23:37:57.129: vkEnumeratePhysicalDevices(): Initialization of an object could not be completed for implementation-specific reasons. (VK_ERROR_INITIALIZATION_FAILED) (-3)

(fr.handbrake.ghb:11570): Gdk-WARNING **: 23:38:04.562: Vulkan: Loader Message: setup_loader_term_phys_devs:  Failed to detect any valid GPUs in the current config

(fr.handbrake.ghb:11570): Gdk-WARNING **: 23:38:04.563: vkEnumeratePhysicalDevices(): Initialization of an object could not be completed for implementation-specific reasons. (VK_ERROR_INITIALIZATION_FAILED) (-3)

(fr.handbrake.ghb:11570): Gdk-WARNING **: 23:38:04.650: Vulkan: Loader Message: setup_loader_term_phys_devs:  Failed to detect any valid GPUs in the current config

(fr.handbrake.ghb:11570): Gdk-WARNING **: 23:38:04.650: vkEnumeratePhysicalDevices(): Initialization of an object could not be completed for implementation-specific reasons. (VK_ERROR_INITIALIZATION_FAILED) (-3)
[23:38:07] work: average encoding speed for job is 84.717781 fps
[23:38:07] comb detect: heavy 0 | light 0 | uncombed 899 | total 899
[23:38:07] decomb: deinterlaced 0 | blended 0 | unfiltered 894 | total 894
[23:38:07] vfr: 444 frames output, 445 dropped and 0 duped for CFR/PFR
[23:38:07] vfr: lost time: 0 (0 frames)
[23:38:07] vfr: gained time: 0 (0 frames) (0 not accounted for)
[23:38:07] h264-decoder done: 949 frames, 0 decoder errors
[23:38:07] sync: got 912 frames, 1602 expected
[23:38:07] sync: framerate min 60.000 fps, max 60.000 fps, avg 60.000 fps
x264 [info]: frame I:2     Avg QP:14.94  size:125007
x264 [info]: frame P:96    Avg QP:18.10  size:  9784
x264 [info]: frame B:287   Avg QP:21.07  size:   860
x264 [info]: consecutive B-frames:  0.5%  0.0%  0.8% 98.7%
x264 [info]: mb I  I16..4: 28.9%  0.0% 71.1%
x264 [info]: mb P  I16..4:  0.3%  0.0%  0.1%  P16..4: 19.2%  7.7%  4.1%  0.0%  0.0%    skip:68.5%
x264 [info]: mb B  I16..4:  0.1%  0.0%  0.0%  B16..8:  4.4%  0.6%  0.0%  direct: 0.4%  skip:94.5%  L0:39.9% L1:51.0% BI: 9.1%
x264 [info]: coded y,uvDC,uvAC intra: 47.9% 74.3% 54.1% inter: 1.1% 3.0% 0.1%
x264 [info]: i16 v,h,dc,p: 46% 27% 12% 15%
x264 [info]: i4 v,h,dc,ddl,ddr,vr,hd,vl,hu: 29% 24% 13%  7%  7%  5%  6%  4%  5%
x264 [info]: i8c dc,h,v,p: 51% 23% 19%  7%
x264 [info]: Weighted P-Frames: Y:0.0% UV:0.0%
x264 [info]: ref P L0: 72.0% 28.0%
x264 [info]: ref B L0: 80.6% 19.4%
x264 [info]: ref B L1: 95.3%  4.7%
x264 [info]: kb/s:895.19
[23:38:07] mux: track 0, 385 frames, 1435945 bytes, 892.82 kbps, fifo 512
[23:38:07] Finished work at: Wed Nov  6 23:38:07 2024

[23:38:07] libhb: work result = 1
