Handbrake Version: 1.8.2 (2024081100)
[23:58:20] gtkgui: Preset: /General/Super HQ 1080p30 Surround
[23:58:20] Starting work at: Wed Nov  6 23:58:20 2024

[23:58:20] 1 job(s) to process
[23:58:20] json job:
{
    "Audio": {
        "AudioList": [],
        "CopyMask": [],
        "FallbackEncoder": 0
    },
    "Destination": {
        "AlignAVStart": true,
        "ChapterList": [
            {
                "Duration": {
                    "Hours": 0,
                    "Minutes": 0,
                    "Seconds": 26,
                    "Ticks": 2403000
                },
                "Name": ""
            }
        ],
        "ChapterMarkers": false,
        "File": "/home/sparrow/HandBrake/mylivewallpapers-com-Yae-Miko-Sleeping-4K (1).mp4",
        "InlineParameterSets": false,
        "Mux": "m4v",
        "Options": {
            "IpodAtom": false,
            "Optimize": false
        }
    },
    "Filters": {
        "FilterList": [
            {
                "ID": 4,
                "Settings": {
                    "block-height": "16",
                    "block-thresh": "40",
                    "block-width": "16",
                    "filter-mode": "2",
                    "mode": "3",
                    "motion-thresh": "1",
                    "spatial-metric": "2",
                    "spatial-thresh": "1"
                }
            },
            {
                "ID": 6,
                "Settings": {
                    "mode": "7"
                }
            },
            {
                "ID": 11,
                "Settings": {
                    "mode": 2,
                    "rate": "27000000/900000"
                }
            },
            {
                "ID": 20,
                "Settings": {
                    "crop-bottom": 0,
                    "crop-left": 0,
                    "crop-right": 2,
                    "crop-top": 0,
                    "height": 1080,
                    "width": 1920
                }
            }
        ]
    },
    "Metadata": {},
    "PAR": {
        "Den": 1920,
        "Num": 1919
    },
    "SequenceID": 0,
    "Source": {
        "Angle": 0,
        "HWDecode": 0,
        "Path": "/home/sparrow/Downloads/mylivewallpapers-com-Yae-Miko-Sleeping-4K.mp4",
        "Range": {
            "End": 1620000,
            "Start": 1260000,
            "Type": "time"
        },
        "Title": 1
    },
    "Subtitle": {
        "Search": {
            "Burn": true,
            "Default": false,
            "Enable": false,
            "Forced": false
        },
        "SubtitleList": []
    },
    "Video": {
        "ChromaLocation": 1,
        "ColorInputFormat": 0,
        "ColorMatrix": 1,
        "ColorOutputFormat": 0,
        "ColorPrimaries": 1,
        "ColorRange": 1,
        "ColorTransfer": 1,
        "Encoder": "x264",
        "HardwareDecode": 0,
        "Level": "4.0",
        "MultiPass": false,
        "Options": "ref=5:bframes=5",
        "Preset": "veryslow",
        "Profile": "high",
        "QSV": {
            "AdapterIndex": 0,
            "AsyncDepth": 0,
            "Decode": false
        },
        "Quality": 18.0,
        "Tune": "",
        "Turbo": false
    }
}
[23:58:20] CPU: 12th Gen Intel(R) Core(TM) i5-12500H
[23:58:20]  - Intel microarchitecture Alder Lake performance hybrid architecture
[23:58:20]  - logical processor count: 16
[23:58:20] Intel Quick Sync Video support: no
[23:58:20] hb_scan: path=/home/sparrow/Downloads/mylivewallpapers-com-Yae-Miko-Sleeping-4K.mp4, title_index=1
Input #0, mov,mp4,m4a,3gp,3g2,mj2, from '/home/sparrow/Downloads/mylivewallpapers-com-Yae-Miko-Sleeping-4K.mp4':
  Metadata:
    major_brand     : mp42
    minor_version   : 512
    compatible_brands: mp42iso2avc1mp41
    creation_time   : 2024-03-20T06:11:10.000000Z
    encoder         : HandBrake 1.7.1 2023112200
  Duration: 00:00:26.70, start: 0.000000, bitrate: 4499 kb/s
  Stream #0:0[0x1](und): Video: h264 (High) (avc1 / 0x31637661), yuv420p(tv, bt709, progressive), 3840x2160 [SAR 1:1 DAR 16:9], 4496 kb/s, 60 fps, 60 tbr, 90k tbn (default)
      Metadata:
        creation_time   : 2024-03-20T06:11:10.000000Z
        handler_name    : VideoHandler
        vendor_id       : [0][0][0][0]
[23:58:20] scan: decoding previews for title 1
[23:58:21] using container PAR 1:1
[23:58:21] scan: 10 previews, 3840x2160, 60.000 fps, autocrop = 0/0/0/2, aspect 16:9, PAR 1:1, color profile: 1-1-1, chroma location: left
[23:58:21] libhb: scan thread found 1 valid title(s)
[23:58:21] Starting Task: Encoding Pass
[23:58:21] job configuration:
[23:58:21]  * source
[23:58:21]    + /home/sparrow/Downloads/mylivewallpapers-com-Yae-Miko-Sleeping-4K.mp4
[23:58:21]    + title 1, start 00:00:14.00 stop 00:00:18.00
[23:58:21]    + container: mov,mp4,m4a,3gp,3g2,mj2
[23:58:21]    + data rate: 4499 kbps
[23:58:21]  * destination
[23:58:21]    + /home/sparrow/HandBrake/mylivewallpapers-com-Yae-Miko-Sleeping-4K (1).mp4
[23:58:21]    + container: MPEG-4 (libavformat)
[23:58:21]      + align initial A/V stream timestamps
[23:58:21]  * video track
[23:58:21]    + decoder: h264 8-bit (yuv420p)
[23:58:21]      + bitrate 4496 kbps
[23:58:21]    + filters
[23:58:21]      + Comb Detect (mode=3:spatial-metric=2:motion-thresh=1:spatial-thresh=1:filter-mode=2:block-thresh=40:block-width=16:block-height=16)
[23:58:21]      + Decomb (mode=39)
[23:58:21]      + Framerate Shaper (mode=2:rate=27000000/900000)
[23:58:21]        + frame rate: 60.000 fps -> peak rate limited to 30.000 fps
[23:58:21]      + Crop and Scale (width=1920:height=1080:crop-top=0:crop-bottom=0:crop-left=0:crop-right=2)
[23:58:21]        + source: 3840 * 2160, crop (0/0/0/2): 3838 * 2160, scale: 1920 * 1080
[23:58:21]    + Output geometry
[23:58:21]      + storage dimensions: 1920 x 1080
[23:58:21]      + pixel aspect ratio: 1919 : 1920
[23:58:21]      + display dimensions: 1919 x 1080
[23:58:21]    + encoder: H.264 (libx264)
[23:58:21]      + preset:  veryslow
[23:58:21]      + options: ref=5:bframes=5
[23:58:21]      + profile: high
[23:58:21]      + level:   4.0
[23:58:21]      + quality: 18.00 (RF)
[23:58:21]      + color profile: 1-1-1
[23:58:21]      + color range: tv
[23:58:21]      + chroma location: left
[23:58:21] sync: expecting 300 video frames
[23:58:21] encx264: min-keyint: 30, keyint: 300
[23:58:21] encx264: encoding at constant RF 18.000000
[23:58:21] encx264: unparsed options: ref=4:bframes=5:level=4.0:b-adapt=2:direct=auto:analyse=all:me=umh:merange=24:subme=10:trellis=2:vbv-bufsize=31250:vbv-maxrate=25000:rc-lookahead=60
x264 [info]: using SAR=1919/1920
x264 [info]: using cpu capabilities: MMX2 SSE2Fast SSSE3 SSE4.2 AVX FMA3 BMI2 AVX2
x264 [info]: profile High, level 4.0, 4:2:0, 8-bit
[23:58:21] sync: first pts video is 0
[23:58:25] sync: reached video pts 360000, exiting early
[23:58:26] reader: done. 1 scr changes
[23:58:26] work: average encoding speed for job is 0.000000 fps
[23:58:26] comb detect: heavy 0 | light 0 | uncombed 240 | total 240
[23:58:26] decomb: deinterlaced 0 | blended 0 | unfiltered 240 | total 240
[23:58:26] vfr: 121 frames output, 119 dropped and 0 duped for CFR/PFR
[23:58:26] vfr: lost time: 0 (0 frames)
[23:58:26] vfr: gained time: 0 (0 frames) (0 not accounted for)
[23:58:26] h264-decoder done: 1002 frames, 0 decoder errors
[23:58:26] sync: got 240 frames, 300 expected
[23:58:26] sync: framerate min 60.000 fps, max 60.000 fps, avg 60.000 fps
x264 [info]: frame I:1     Avg QP:11.58  size:169954
x264 [info]: frame P:25    Avg QP:14.79  size: 17357
x264 [info]: frame B:95    Avg QP:23.53  size:  1888
x264 [info]: consecutive B-frames:  1.7%  0.0%  0.0% 29.8% 28.9% 39.7%
x264 [info]: mb I  I16..4:  8.0% 48.7% 43.3%
x264 [info]: mb P  I16..4:  0.2%  0.5%  0.1%  P16..4: 19.6%  8.1%  8.5%  0.4%  0.2%    skip:62.4%
x264 [info]: mb B  I16..4:  0.0%  0.0%  0.0%  B16..8: 17.2%  1.1%  0.1%  direct: 0.1%  skip:81.4%  L0:45.4% L1:47.6% BI: 7.0%
x264 [info]: 8x8 transform intra:49.7% inter:32.3%
x264 [info]: direct mvs  spatial:87.4% temporal:12.6%
x264 [info]: coded y,uvDC,uvAC intra: 59.7% 80.2% 72.2% inter: 1.7% 2.3% 0.7%
x264 [info]: i16 v,h,dc,p: 51% 24% 10% 15%
x264 [info]: i8 v,h,dc,ddl,ddr,vr,hd,vl,hu: 22% 19% 21%  7%  5%  4%  6%  6% 10%
x264 [info]: i4 v,h,dc,ddl,ddr,vr,hd,vl,hu: 19% 15% 10%  8% 11%  9% 10%  8% 10%
x264 [info]: i8c dc,h,v,p: 51% 24% 18%  8%
x264 [info]: Weighted P-Frames: Y:0.0% UV:0.0%
x264 [info]: ref P L0: 67.2%  4.4% 20.7%  7.7%
x264 [info]: ref B L0: 87.1% 11.0%  2.0%
x264 [info]: ref B L1: 93.6%  6.4%
x264 [info]: kb/s:1553.56
[23:58:26] mux: track 0, 121 frames, 783206 bytes, 1540.73 kbps, fifo 128
[23:58:26] Finished work at: Wed Nov  6 23:58:26 2024

[23:58:26] libhb: work result = 0
