Handbrake Version: 1.8.2 (2024081100)
[12:08:06] gtkgui: Preset: /General/Super HQ 1080p30 Surround
[12:08:06] Starting work at: Thu Nov  7 12:08:06 2024

[12:08:06] 1 job(s) to process
[12:08:06] json job:
{
    "Audio": {
        "AudioList": [],
        "CopyMask": [
            "copy:aac",
            "copy:ac3"
        ],
        "FallbackEncoder": 0
    },
    "Destination": {
        "AlignAVStart": true,
        "ChapterList": [
            {
                "Duration": {
                    "Hours": 0,
                    "Minutes": 0,
                    "Seconds": 25,
                    "Ticks": 2265000
                },
                "Name": ""
            }
        ],
        "ChapterMarkers": false,
        "File": "/home/sparrow/HandBrake/mylivewallpapers-com-Retrowave-Sunset-Beach-FHD.mp4",
        "InlineParameterSets": false,
        "Mux": "m4v",
        "Options": {
            "IpodAtom": false,
            "Optimize": false
        }
    },
    "Filters": {
        "FilterList": [
            {
                "ID": 4,
                "Settings": {
                    "block-height": "16",
                    "block-thresh": "40",
                    "block-width": "16",
                    "filter-mode": "2",
                    "mode": "3",
                    "motion-thresh": "1",
                    "spatial-metric": "2",
                    "spatial-thresh": "1"
                }
            },
            {
                "ID": 6,
                "Settings": {
                    "mode": "7"
                }
            },
            {
                "ID": 11,
                "Settings": {
                    "mode": 2,
                    "rate": "27000000/900000"
                }
            },
            {
                "ID": 20,
                "Settings": {
                    "crop-bottom": 0,
                    "crop-left": 0,
                    "crop-right": 0,
                    "crop-top": 0,
                    "height": 1080,
                    "width": 1920
                }
            }
        ]
    },
    "Metadata": {},
    "PAR": {
        "Den": 1,
        "Num": 1
    },
    "SequenceID": 0,
    "Source": {
        "Angle": 0,
        "HWDecode": 0,
        "Path": "/home/sparrow/Downloads/mylivewallpapers-com-Retrowave-Sunset-Beach-FHD.mp4",
        "Range": {
            "End": 900000,
            "Start": 0,
            "Type": "time"
        },
        "Title": 1
    },
    "Subtitle": {
        "Search": {
            "Burn": true,
            "Default": false,
            "Enable": false,
            "Forced": false
        },
        "SubtitleList": []
    },
    "Video": {
        "ChromaLocation": 1,
        "ColorInputFormat": 0,
        "ColorMatrix": 1,
        "ColorOutputFormat": 0,
        "ColorPrimaries": 1,
        "ColorRange": 1,
        "ColorTransfer": 1,
        "Encoder": "x264",
        "HardwareDecode": 0,
        "Level": "4.0",
        "MultiPass": false,
        "Options": "ref=5:bframes=5",
        "Preset": "veryslow",
        "Profile": "high",
        "QSV": {
            "AdapterIndex": 0,
            "AsyncDepth": 0,
            "Decode": false
        },
        "Quality": 18.0,
        "Tune": "",
        "Turbo": false
    }
}
[12:08:06] CPU: 12th Gen Intel(R) Core(TM) i5-12500H
[12:08:06]  - Intel microarchitecture Alder Lake performance hybrid architecture
[12:08:06]  - logical processor count: 16
[12:08:06] Intel Quick Sync Video support: no
[12:08:06] hb_scan: path=/home/sparrow/Downloads/mylivewallpapers-com-Retrowave-Sunset-Beach-FHD.mp4, title_index=1
Input #0, mov,mp4,m4a,3gp,3g2,mj2, from '/home/sparrow/Downloads/mylivewallpapers-com-Retrowave-Sunset-Beach-FHD.mp4':
  Metadata:
    major_brand     : mp42
    minor_version   : 512
    compatible_brands: isomiso2avc1mp41
    creation_time   : 2023-10-28T22:55:18.000000Z
    encoder         : HandBrake 1.0.7 2017040900
  Duration: 00:00:25.17, start: 0.000000, bitrate: 3484 kb/s
  Stream #0:0[0x1](und): Video: h264 (High) (avc1 / 0x31637661), yuv420p(tv, bt709, progressive), 1920x1080 [SAR 1:1 DAR 16:9], 3477 kb/s, 60 fps, 60 tbr, 90k tbn (default)
      Metadata:
        creation_time   : 2023-10-28T22:55:18.000000Z
        handler_name    : VideoHandler
        vendor_id       : [0][0][0][0]
[12:08:06] scan: decoding previews for title 1
[12:08:07] using bitstream PAR 1:1
[12:08:07] scan: 10 previews, 1920x1080, 60.000 fps, autocrop = 0/0/0/0, aspect 16:9, PAR 1:1, color profile: 1-1-1, chroma location: left
[12:08:07] libhb: scan thread found 1 valid title(s)
[12:08:07] Starting Task: Encoding Pass
[12:08:07] work: skipping crop/scale filter
[12:08:07] job configuration:
[12:08:07]  * source
[12:08:07]    + /home/sparrow/Downloads/mylivewallpapers-com-Retrowave-Sunset-Beach-FHD.mp4
[12:08:07]    + title 1, start 00:00:00.00 stop 00:00:10.00
[12:08:07]    + container: mov,mp4,m4a,3gp,3g2,mj2
[12:08:07]    + data rate: 3484 kbps
[12:08:07]  * destination
[12:08:07]    + /home/sparrow/HandBrake/mylivewallpapers-com-Retrowave-Sunset-Beach-FHD.mp4
[12:08:07]    + container: MPEG-4 (libavformat)
[12:08:07]      + align initial A/V stream timestamps
[12:08:07]  * video track
[12:08:07]    + decoder: h264 8-bit (yuv420p)
[12:08:07]      + bitrate 3477 kbps
[12:08:07]    + filters
[12:08:07]      + Comb Detect (mode=3:spatial-metric=2:motion-thresh=1:spatial-thresh=1:filter-mode=2:block-thresh=40:block-width=16:block-height=16)
[12:08:07]      + Decomb (mode=39)
[12:08:07]      + Framerate Shaper (mode=2:rate=27000000/900000)
[12:08:07]        + frame rate: 60.000 fps -> peak rate limited to 30.000 fps
[12:08:07]    + Output geometry
[12:08:07]      + storage dimensions: 1920 x 1080
[12:08:07]      + pixel aspect ratio: 1 : 1
[12:08:07]      + display dimensions: 1920 x 1080
[12:08:07]    + encoder: H.264 (libx264)
[12:08:07]      + preset:  veryslow
[12:08:07]      + options: ref=5:bframes=5
[12:08:07]      + profile: high
[12:08:07]      + level:   4.0
[12:08:07]      + quality: 18.00 (RF)
[12:08:07]      + color profile: 1-1-1
[12:08:07]      + color range: tv
[12:08:07]      + chroma location: left
[12:08:07] sync: expecting 660 video frames
[12:08:07] encx264: min-keyint: 30, keyint: 300
[12:08:07] encx264: encoding at constant RF 18.000000
[12:08:07] encx264: unparsed options: ref=4:bframes=5:level=4.0:b-adapt=2:direct=auto:analyse=all:me=umh:merange=24:subme=10:trellis=2:vbv-bufsize=31250:vbv-maxrate=25000:rc-lookahead=60
x264 [info]: using SAR=1/1
x264 [info]: using cpu capabilities: MMX2 SSE2Fast SSSE3 SSE4.2 AVX FMA3 BMI2 AVX2
x264 [info]: profile High, level 4.0, 4:2:0, 8-bit
[12:08:07] sync: first pts video is 0
[12:08:07] sync: Chapter 1 at frame 1 time 0
[12:08:11] sync: reached video pts 900000, exiting early
[12:08:12] reader: done. 1 scr changes
[12:08:13] work: average encoding speed for job is 133.317383 fps
[12:08:13] comb detect: heavy 1 | light 1 | uncombed 598 | total 600
[12:08:13] decomb: deinterlaced 1 | blended 1 | unfiltered 598 | total 600
[12:08:13] vfr: 301 frames output, 299 dropped and 0 duped for CFR/PFR
[12:08:13] vfr: lost time: 0 (0 frames)
[12:08:13] vfr: gained time: 0 (0 frames) (0 not accounted for)
[12:08:13] h264-decoder done: 1510 frames, 0 decoder errors
[12:08:13] sync: got 600 frames, 660 expected
[12:08:13] sync: framerate min 60.000 fps, max 60.000 fps, avg 60.000 fps
x264 [info]: frame I:2     Avg QP:18.10  size:277366
x264 [info]: frame P:104   Avg QP:17.40  size: 28015
x264 [info]: frame B:195   Avg QP:25.27  size:  1386
x264 [info]: consecutive B-frames:  5.6% 18.6% 25.9% 37.2%  6.6%  6.0%
x264 [info]: mb I  I16..4: 14.3% 25.3% 60.4%
x264 [info]: mb P  I16..4:  0.4%  0.4%  0.3%  P16..4: 18.2%  5.1%  7.4%  0.4%  0.3%    skip:67.5%
x264 [info]: mb B  I16..4:  0.0%  0.0%  0.0%  B16..8: 15.9%  0.3%  0.1%  direct: 0.2%  skip:83.5%  L0:37.4% L1:59.9% BI: 2.7%
x264 [info]: 8x8 transform intra:29.5% inter:24.8%
x264 [info]: direct mvs  spatial:94.9% temporal:5.1%
x264 [info]: coded y,uvDC,uvAC intra: 70.6% 78.5% 68.5% inter: 4.3% 5.3% 3.2%
x264 [info]: i16 v,h,dc,p: 12% 55% 17% 16%
x264 [info]: i8 v,h,dc,ddl,ddr,vr,hd,vl,hu: 12% 38% 25%  2%  3%  3%  5%  3%  8%
x264 [info]: i4 v,h,dc,ddl,ddr,vr,hd,vl,hu: 19% 28% 12%  6%  6%  6%  7%  5% 11%
x264 [info]: i8c dc,h,v,p: 33% 47% 13%  8%
x264 [info]: Weighted P-Frames: Y:0.0% UV:0.0%
x264 [info]: ref P L0: 79.9%  6.8% 10.6%  2.5%  0.2%
x264 [info]: ref B L0: 86.4% 11.8%  1.8%
x264 [info]: ref B L1: 96.8%  3.2%
x264 [info]: kb/s:2980.90
[12:08:13] mux: track 0, 301 frames, 3738460 bytes, 2970.96 kbps, fifo 512
[12:08:13] Finished work at: Thu Nov  7 12:08:13 2024

[12:08:14] libhb: work result = 0
