Handbrake Version: 1.8.2 (2024081100)
[11:46:55] gtkgui: Preset: /General/Super HQ 1080p30 Surround
[11:46:55] Starting work at: Thu Nov  7 11:46:55 2024

[11:46:55] 1 job(s) to process
[11:46:55] json job:
{
    "Audio": {
        "AudioList": [],
        "CopyMask": [
            "copy:aac",
            "copy:ac3"
        ],
        "FallbackEncoder": 0
    },
    "Destination": {
        "AlignAVStart": true,
        "ChapterList": [
            {
                "Duration": {
                    "Hours": 0,
                    "Minutes": 0,
                    "Seconds": 26,
                    "Ticks": 2403000
                },
                "Name": ""
            }
        ],
        "ChapterMarkers": false,
        "File": "/home/sparrow/HandBrake/mylivewallpapers-com-Yae-Miko-Sleeping-4K.mp4",
        "InlineParameterSets": false,
        "Mux": "m4v",
        "Options": {
            "IpodAtom": false,
            "Optimize": false
        }
    },
    "Filters": {
        "FilterList": [
            {
                "ID": 4,
                "Settings": {
                    "block-height": "16",
                    "block-thresh": "40",
                    "block-width": "16",
                    "filter-mode": "2",
                    "mode": "3",
                    "motion-thresh": "1",
                    "spatial-metric": "2",
                    "spatial-thresh": "1"
                }
            },
            {
                "ID": 6,
                "Settings": {
                    "mode": "7"
                }
            },
            {
                "ID": 11,
                "Settings": {
                    "mode": 2,
                    "rate": "27000000/900000"
                }
            },
            {
                "ID": 20,
                "Settings": {
                    "crop-bottom": 0,
                    "crop-left": 0,
                    "crop-right": 2,
                    "crop-top": 0,
                    "height": 1080,
                    "width": 1920
                }
            }
        ]
    },
    "Metadata": {},
    "PAR": {
        "Den": 1920,
        "Num": 1919
    },
    "SequenceID": 0,
    "Source": {
        "Angle": 0,
        "HWDecode": 0,
        "Path": "/home/sparrow/Downloads/mylivewallpapers-com-Yae-Miko-Sleeping-4K.mp4",
        "Range": {
            "End": 2160000,
            "Start": 1215000,
            "Type": "time"
        },
        "Title": 1
    },
    "Subtitle": {
        "Search": {
            "Burn": true,
            "Default": false,
            "Enable": false,
            "Forced": false
        },
        "SubtitleList": []
    },
    "Video": {
        "ChromaLocation": 1,
        "ColorInputFormat": 0,
        "ColorMatrix": 1,
        "ColorOutputFormat": 0,
        "ColorPrimaries": 1,
        "ColorRange": 1,
        "ColorTransfer": 1,
        "Encoder": "x264",
        "HardwareDecode": 0,
        "Level": "4.0",
        "MultiPass": false,
        "Options": "ref=5:bframes=5",
        "Preset": "veryslow",
        "Profile": "high",
        "QSV": {
            "AdapterIndex": 0,
            "AsyncDepth": 0,
            "Decode": false
        },
        "Quality": 18.0,
        "Tune": "",
        "Turbo": false
    }
}
[11:46:55] CPU: 12th Gen Intel(R) Core(TM) i5-12500H
[11:46:55]  - Intel microarchitecture Alder Lake performance hybrid architecture
[11:46:55]  - logical processor count: 16
[11:46:55] Intel Quick Sync Video support: no
[11:46:55] hb_scan: path=/home/sparrow/Downloads/mylivewallpapers-com-Yae-Miko-Sleeping-4K.mp4, title_index=1
Input #0, mov,mp4,m4a,3gp,3g2,mj2, from '/home/sparrow/Downloads/mylivewallpapers-com-Yae-Miko-Sleeping-4K.mp4':
  Metadata:
    major_brand     : mp42
    minor_version   : 512
    compatible_brands: mp42iso2avc1mp41
    creation_time   : 2024-03-20T06:11:10.000000Z
    encoder         : HandBrake 1.7.1 2023112200
  Duration: 00:00:26.70, start: 0.000000, bitrate: 4499 kb/s
  Stream #0:0[0x1](und): Video: h264 (High) (avc1 / 0x31637661), yuv420p(tv, bt709, progressive), 3840x2160 [SAR 1:1 DAR 16:9], 4496 kb/s, 60 fps, 60 tbr, 90k tbn (default)
      Metadata:
        creation_time   : 2024-03-20T06:11:10.000000Z
        handler_name    : VideoHandler
        vendor_id       : [0][0][0][0]
[11:46:55] scan: decoding previews for title 1
[11:46:55] using container PAR 1:1
[11:46:55] scan: 10 previews, 3840x2160, 60.000 fps, autocrop = 0/0/0/2, aspect 16:9, PAR 1:1, color profile: 1-1-1, chroma location: left
[11:46:55] libhb: scan thread found 1 valid title(s)
[11:46:55] Starting Task: Encoding Pass
[11:46:55] job configuration:
[11:46:55]  * source
[11:46:55]    + /home/sparrow/Downloads/mylivewallpapers-com-Yae-Miko-Sleeping-4K.mp4
[11:46:55]    + title 1, start 00:00:13.50 stop 00:00:24.00
[11:46:55]    + container: mov,mp4,m4a,3gp,3g2,mj2
[11:46:55]    + data rate: 4499 kbps
[11:46:55]  * destination
[11:46:55]    + /home/sparrow/HandBrake/mylivewallpapers-com-Yae-Miko-Sleeping-4K.mp4
[11:46:55]    + container: MPEG-4 (libavformat)
[11:46:55]      + align initial A/V stream timestamps
[11:46:55]  * video track
[11:46:55]    + decoder: h264 8-bit (yuv420p)
[11:46:55]      + bitrate 4496 kbps
[11:46:55]    + filters
[11:46:55]      + Comb Detect (mode=3:spatial-metric=2:motion-thresh=1:spatial-thresh=1:filter-mode=2:block-thresh=40:block-width=16:block-height=16)
[11:46:55]      + Decomb (mode=39)
[11:46:55]      + Framerate Shaper (mode=2:rate=27000000/900000)
[11:46:55]        + frame rate: 60.000 fps -> peak rate limited to 30.000 fps
[11:46:55]      + Crop and Scale (width=1920:height=1080:crop-top=0:crop-bottom=0:crop-left=0:crop-right=2)
[11:46:55]        + source: 3840 * 2160, crop (0/0/0/2): 3838 * 2160, scale: 1920 * 1080
[11:46:55]    + Output geometry
[11:46:55]      + storage dimensions: 1920 x 1080
[11:46:55]      + pixel aspect ratio: 1919 : 1920
[11:46:55]      + display dimensions: 1919 x 1080
[11:46:55]    + encoder: H.264 (libx264)
[11:46:55]      + preset:  veryslow
[11:46:55]      + options: ref=5:bframes=5
[11:46:55]      + profile: high
[11:46:55]      + level:   4.0
[11:46:55]      + quality: 18.00 (RF)
[11:46:55]      + color profile: 1-1-1
[11:46:55]      + color range: tv
[11:46:55]      + chroma location: left
[11:46:55] sync: expecting 690 video frames
[11:46:55] encx264: min-keyint: 30, keyint: 300
[11:46:55] encx264: encoding at constant RF 18.000000
[11:46:55] encx264: unparsed options: ref=4:bframes=5:level=4.0:b-adapt=2:direct=auto:analyse=all:me=umh:merange=24:subme=10:trellis=2:vbv-bufsize=31250:vbv-maxrate=25000:rc-lookahead=60
x264 [info]: using SAR=1919/1920
x264 [info]: using cpu capabilities: MMX2 SSE2Fast SSSE3 SSE4.2 AVX FMA3 BMI2 AVX2
x264 [info]: profile High, level 4.0, 4:2:0, 8-bit
[11:46:56] sync: first pts video is 0
[11:47:05] sync: reached video pts 945000, exiting early
[11:47:05] reader: done. 1 scr changes
[11:47:06] work: average encoding speed for job is 70.670944 fps
[11:47:06] comb detect: heavy 0 | light 0 | uncombed 630 | total 630
[11:47:06] decomb: deinterlaced 0 | blended 0 | unfiltered 630 | total 630
[11:47:06] vfr: 316 frames output, 314 dropped and 0 duped for CFR/PFR
[11:47:06] vfr: lost time: 0 (0 frames)
[11:47:06] vfr: gained time: 0 (0 frames) (0 not accounted for)
[11:47:06] h264-decoder done: 1002 frames, 0 decoder errors
[11:47:06] sync: got 630 frames, 690 expected
[11:47:06] sync: framerate min 60.000 fps, max 60.000 fps, avg 60.000 fps
x264 [info]: frame I:2     Avg QP:11.52  size:170116
x264 [info]: frame P:67    Avg QP:14.21  size: 19397
x264 [info]: frame B:247   Avg QP:23.61  size:  1904
x264 [info]: consecutive B-frames:  0.9%  0.0%  2.8% 32.9% 34.8% 28.5%
x264 [info]: mb I  I16..4:  9.2% 47.6% 43.2%
x264 [info]: mb P  I16..4:  0.3%  0.6%  0.2%  P16..4: 21.5%  8.7%  9.0%  0.4%  0.2%    skip:59.1%
x264 [info]: mb B  I16..4:  0.0%  0.0%  0.0%  B16..8: 17.4%  1.1%  0.1%  direct: 0.1%  skip:81.2%  L0:44.5% L1:49.2% BI: 6.3%
x264 [info]: 8x8 transform intra:49.4% inter:31.2%
x264 [info]: direct mvs  spatial:95.1% temporal:4.9%
x264 [info]: coded y,uvDC,uvAC intra: 57.7% 79.7% 71.1% inter: 1.9% 2.7% 0.9%
x264 [info]: i16 v,h,dc,p: 54% 23% 10% 13%
x264 [info]: i8 v,h,dc,ddl,ddr,vr,hd,vl,hu: 20% 18% 24%  7%  5%  4%  6%  6% 10%
x264 [info]: i4 v,h,dc,ddl,ddr,vr,hd,vl,hu: 18% 14% 12%  8% 11%  9% 10%  8% 10%
x264 [info]: i8c dc,h,v,p: 50% 24% 18%  8%
x264 [info]: Weighted P-Frames: Y:0.0% UV:0.0%
x264 [info]: ref P L0: 67.8%  4.4% 20.6%  7.3%
x264 [info]: ref B L0: 86.6% 11.6%  1.9%
x264 [info]: ref B L1: 94.5%  5.5%
x264 [info]: kb/s:1602.64
[11:47:06] mux: track 0, 316 frames, 2110041 bytes, 1597.51 kbps, fifo 512
[11:47:06] Finished work at: Thu Nov  7 11:47:06 2024

[11:47:06] libhb: work result = 0
