Handbrake Version: 1.8.2 (2024081100)
[11:38:49] gtkgui: Preset: /General/Fast 1080p30
[11:38:49] Starting work at: Thu Nov  7 11:38:49 2024

[11:38:49] 1 job(s) to process
[11:38:49] json job:
{
    "Audio": {
        "AudioList": [],
        "CopyMask": [],
        "FallbackEncoder": 0
    },
    "Destination": {
        "AlignAVStart": true,
        "ChapterList": [
            {
                "Duration": {
                    "Hours": 0,
                    "Minutes": 0,
                    "Seconds": 26,
                    "Ticks": 2403000
                },
                "Name": ""
            }
        ],
        "ChapterMarkers": false,
        "File": "/home/sparrow/HandBrake/mylivewallpapers-com-Yae-Miko-Sleeping-4K.mp4",
        "InlineParameterSets": false,
        "Mux": "m4v",
        "Options": {
            "IpodAtom": false,
            "Optimize": false
        }
    },
    "Filters": {
        "FilterList": [
            {
                "ID": 4,
                "Settings": {
                    "block-height": "16",
                    "block-thresh": "40",
                    "block-width": "16",
                    "filter-mode": "2",
                    "mode": "3",
                    "motion-thresh": "1",
                    "spatial-metric": "2",
                    "spatial-thresh": "1"
                }
            },
            {
                "ID": 6,
                "Settings": {
                    "mode": "7"
                }
            },
            {
                "ID": 11,
                "Settings": {
                    "mode": 2,
                    "rate": "27000000/900000"
                }
            },
            {
                "ID": 20,
                "Settings": {
                    "crop-bottom": 0,
                    "crop-left": 0,
                    "crop-right": 2,
                    "crop-top": 0,
                    "height": 1080,
                    "width": 1920
                }
            }
        ]
    },
    "Metadata": {},
    "PAR": {
        "Den": 1920,
        "Num": 1919
    },
    "SequenceID": 0,
    "Source": {
        "Angle": 0,
        "HWDecode": 0,
        "Path": "/home/sparrow/Downloads/mylivewallpapers-com-Yae-Miko-Sleeping-4K.mp4",
        "Range": {
            "End": 1620000,
            "Start": 1215000,
            "Type": "time"
        },
        "Title": 1
    },
    "Subtitle": {
        "Search": {
            "Burn": true,
            "Default": false,
            "Enable": false,
            "Forced": false
        },
        "SubtitleList": []
    },
    "Video": {
        "ChromaLocation": 1,
        "ColorInputFormat": 0,
        "ColorMatrix": 1,
        "ColorOutputFormat": 0,
        "ColorPrimaries": 1,
        "ColorRange": 1,
        "ColorTransfer": 1,
        "Encoder": "x264",
        "HardwareDecode": 0,
        "Level": "4.0",
        "MultiPass": false,
        "Options": "",
        "Preset": "fast",
        "Profile": "main",
        "QSV": {
            "AdapterIndex": 0,
            "AsyncDepth": 0,
            "Decode": false
        },
        "Quality": 22.0,
        "Tune": "",
        "Turbo": false
    }
}
[11:38:49] CPU: 12th Gen Intel(R) Core(TM) i5-12500H
[11:38:49]  - Intel microarchitecture Alder Lake performance hybrid architecture
[11:38:49]  - logical processor count: 16
[11:38:49] Intel Quick Sync Video support: no
[11:38:49] hb_scan: path=/home/sparrow/Downloads/mylivewallpapers-com-Yae-Miko-Sleeping-4K.mp4, title_index=1
Input #0, mov,mp4,m4a,3gp,3g2,mj2, from '/home/sparrow/Downloads/mylivewallpapers-com-Yae-Miko-Sleeping-4K.mp4':
  Metadata:
    major_brand     : mp42
    minor_version   : 512
    compatible_brands: mp42iso2avc1mp41
    creation_time   : 2024-03-20T06:11:10.000000Z
    encoder         : HandBrake 1.7.1 2023112200
  Duration: 00:00:26.70, start: 0.000000, bitrate: 4499 kb/s
  Stream #0:0[0x1](und): Video: h264 (High) (avc1 / 0x31637661), yuv420p(tv, bt709, progressive), 3840x2160 [SAR 1:1 DAR 16:9], 4496 kb/s, 60 fps, 60 tbr, 90k tbn (default)
      Metadata:
        creation_time   : 2024-03-20T06:11:10.000000Z
        handler_name    : VideoHandler
        vendor_id       : [0][0][0][0]
[11:38:49] scan: decoding previews for title 1
[11:38:50] using container PAR 1:1
[11:38:50] scan: 10 previews, 3840x2160, 60.000 fps, autocrop = 0/0/0/2, aspect 16:9, PAR 1:1, color profile: 1-1-1, chroma location: left
[11:38:50] libhb: scan thread found 1 valid title(s)
[11:38:50] Starting Task: Encoding Pass
[11:38:50] job configuration:
[11:38:50]  * source
[11:38:50]    + /home/sparrow/Downloads/mylivewallpapers-com-Yae-Miko-Sleeping-4K.mp4
[11:38:50]    + title 1, start 00:00:13.50 stop 00:00:18.00
[11:38:50]    + container: mov,mp4,m4a,3gp,3g2,mj2
[11:38:50]    + data rate: 4499 kbps
[11:38:50]  * destination
[11:38:50]    + /home/sparrow/HandBrake/mylivewallpapers-com-Yae-Miko-Sleeping-4K.mp4
[11:38:50]    + container: MPEG-4 (libavformat)
[11:38:50]      + align initial A/V stream timestamps
[11:38:50]  * video track
[11:38:50]    + decoder: h264 8-bit (yuv420p)
[11:38:50]      + bitrate 4496 kbps
[11:38:50]    + filters
[11:38:50]      + Comb Detect (mode=3:spatial-metric=2:motion-thresh=1:spatial-thresh=1:filter-mode=2:block-thresh=40:block-width=16:block-height=16)
[11:38:50]      + Decomb (mode=39)
[11:38:50]      + Framerate Shaper (mode=2:rate=27000000/900000)
[11:38:50]        + frame rate: 60.000 fps -> peak rate limited to 30.000 fps
[11:38:50]      + Crop and Scale (width=1920:height=1080:crop-top=0:crop-bottom=0:crop-left=0:crop-right=2)
[11:38:50]        + source: 3840 * 2160, crop (0/0/0/2): 3838 * 2160, scale: 1920 * 1080
[11:38:50]    + Output geometry
[11:38:50]      + storage dimensions: 1920 x 1080
[11:38:50]      + pixel aspect ratio: 1919 : 1920
[11:38:50]      + display dimensions: 1919 x 1080
[11:38:50]    + encoder: H.264 (libx264)
[11:38:50]      + preset:  fast
[11:38:50]      + profile: main
[11:38:50]      + level:   4.0
[11:38:50]      + quality: 22.00 (RF)
[11:38:50]      + color profile: 1-1-1
[11:38:50]      + color range: tv
[11:38:50]      + chroma location: left
[11:38:50] sync: expecting 330 video frames
[11:38:50] encx264: min-keyint: 30, keyint: 300
[11:38:50] encx264: encoding at constant RF 22.000000
[11:38:50] encx264: unparsed options: level=4.0:ref=2:8x8dct=0:weightp=1:subme=6:vbv-bufsize=25000:vbv-maxrate=20000:rc-lookahead=30
x264 [info]: using SAR=1919/1920
x264 [info]: using cpu capabilities: MMX2 SSE2Fast SSSE3 SSE4.2 AVX FMA3 BMI2 AVX2
x264 [info]: profile Main, level 4.0, 4:2:0, 8-bit
[11:38:51] sync: first pts video is 0
[11:38:54] sync: reached video pts 405000, exiting early
[11:38:54] work: average encoding speed for job is 0.000000 fps
[11:38:54] comb detect: heavy 0 | light 0 | uncombed 270 | total 270
[11:38:54] decomb: deinterlaced 0 | blended 0 | unfiltered 270 | total 270
[11:38:54] vfr: 136 frames output, 134 dropped and 0 duped for CFR/PFR
[11:38:54] vfr: lost time: 0 (0 frames)
[11:38:54] vfr: gained time: 0 (0 frames) (0 not accounted for)
[11:38:54] h264-decoder done: 721 frames, 0 decoder errors
[11:38:54] sync: got 270 frames, 330 expected
[11:38:54] sync: framerate min 60.000 fps, max 60.000 fps, avg 60.000 fps
x264 [info]: frame I:1     Avg QP:16.39  size:108854
x264 [info]: frame P:35    Avg QP:18.35  size:  9021
x264 [info]: frame B:100   Avg QP:20.02  size:   868
x264 [info]: consecutive B-frames:  1.5%  1.5%  0.0% 97.1%
x264 [info]: mb I  I16..4: 31.1%  0.0% 68.9%
x264 [info]: mb P  I16..4:  0.3%  0.0%  0.1%  P16..4: 18.3%  7.2%  3.9%  0.0%  0.0%    skip:70.2%
x264 [info]: mb B  I16..4:  0.1%  0.0%  0.0%  B16..8:  4.4%  0.7%  0.0%  direct: 0.4%  skip:94.5%  L0:39.9% L1:50.9% BI: 9.3%
x264 [info]: coded y,uvDC,uvAC intra: 45.8% 72.9% 48.7% inter: 1.1% 2.9% 0.1%
x264 [info]: i16 v,h,dc,p: 47% 25% 12% 17%
x264 [info]: i4 v,h,dc,ddl,ddr,vr,hd,vl,hu: 29% 24% 13%  7%  6%  5%  6%  4%  5%
x264 [info]: i8c dc,h,v,p: 51% 24% 18%  7%
x264 [info]: Weighted P-Frames: Y:0.0% UV:0.0%
x264 [info]: ref P L0: 72.2% 27.8%
x264 [info]: ref B L0: 80.5% 19.5%
x264 [info]: ref B L1: 95.7%  4.3%
x264 [info]: kb/s:902.44
[11:38:54] mux: track 0, 136 frames, 511337 bytes, 895.77 kbps, fifo 256
[11:38:54] Finished work at: Thu Nov  7 11:38:54 2024

[11:38:54] libhb: work result = 0
