2024-12-06 15:21:43.533 [info] Added views:outline in workbench.view.explorer
2024-12-06 15:21:43.533 [info] Added views:workbench.view.search in workbench.view.search
2024-12-06 15:21:43.533 [info] Added views:workbench.scm in workbench.view.scm
2024-12-06 15:21:43.533 [info] Added views:workbench.panel.markers.view in workbench.panel.markers
2024-12-06 15:21:43.533 [info] Added views:workbench.panel.output in workbench.panel.output
2024-12-06 15:21:43.533 [info] Added views:terminal in terminal
2024-12-06 15:21:43.533 [info] Added views:timeline in workbench.view.explorer
2024-12-06 15:21:43.533 [info] Added views:workbench.explorer.emptyView in workbench.view.explorer
2024-12-06 15:21:44.005 [info] Added views:workbench.debug.welcome in workbench.view.debug
2024-12-06 15:21:44.099 [info] Added views:~remote.forwardedPorts in ~remote.forwardedPortsContainer
2024-12-06 15:21:44.362 [info] Added views:workbench.panel.repl.view in workbench.panel.repl
2024-12-06 15:21:45.619 [info] Added views:workbench.views.extensions.installed,workbench.views.extensions.popular,extensions.recommendedList in workbench.view.extensions
2024-12-06 15:21:45.620 [info] Removed views:workbench.views.extensions.popular from workbench.view.extensions
2024-12-06 15:21:48.649 [info] Removed views:extensions.recommendedList,workbench.views.extensions.installed from workbench.view.extensions
2024-12-06 15:21:48.653 [info] Added views:workbench.views.extensions.marketplace in workbench.view.extensions
2024-12-06 15:25:49.433 [info] Removed views:workbench.views.extensions.marketplace from workbench.view.extensions
2024-12-06 15:25:49.441 [info] Added views:workbench.views.extensions.installed,extensions.recommendedList in workbench.view.extensions
2024-12-06 15:25:50.356 [info] Removed views:extensions.recommendedList,workbench.views.extensions.installed from workbench.view.extensions
2024-12-06 15:25:50.364 [info] Added views:workbench.views.extensions.marketplace in workbench.view.extensions
2024-12-06 15:26:42.913 [info] Removed views:workbench.views.extensions.marketplace from workbench.view.extensions
2024-12-06 15:26:42.917 [info] Added views:workbench.views.extensions.installed,extensions.recommendedList in workbench.view.extensions
2024-12-06 15:26:44.581 [info] Removed views:extensions.recommendedList,workbench.views.extensions.installed from workbench.view.extensions
2024-12-06 15:26:44.587 [info] Added views:workbench.views.extensions.marketplace in workbench.view.extensions
2024-12-06 15:26:54.058 [info] Removed views:workbench.views.extensions.marketplace from workbench.view.extensions
2024-12-06 15:26:54.080 [info] Added views:workbench.views.extensions.installed,extensions.recommendedList in workbench.view.extensions
2024-12-06 15:26:55.540 [info] Removed views:extensions.recommendedList,workbench.views.extensions.installed from workbench.view.extensions
2024-12-06 15:26:55.547 [info] Added views:workbench.views.extensions.marketplace in workbench.view.extensions
